[0mGET / [36m304 [0m12.190 ms - -[0m
[0mGET / [36m304 [0m2.121 ms - -[0m
[0mGET / [32m200 [0m68.935 ms - 27[0m
[0mGET /favicon.ico [33m404 [0m1385.680 ms - 1045[0m
[0mGET /list [33m404 [0m231.887 ms - 1045[0m
[0mGET /stylesheets/style.css [32m200 [0m14.613 ms - 119[0m
[0mGET /list [32m200 [0m55.512 ms - 109[0m
[0mGET / [32m200 [0m14.068 ms - 27[0m
[0mGET /favicon.ico [33m404 [0m1485.561 ms - 1045[0m
[0mGET / [36m304 [0m5.841 ms - -[0m
[0mGET /list [32m200 [0m5.427 ms - 109[0m
[0mGET /list [36m304 [0m8.343 ms - -[0m
[0mGET /list [36m304 [0m7.502 ms - -[0m
[0mGET /list [32m200 [0m3.974 ms - 109[0m
[0mGET /list [36m304 [0m41.421 ms - -[0m
[0mGET /test [32m200 [0m13.227 ms - 27[0m
[0mGET /test/list [33m404 [0m1472.592 ms - 1045[0m
[0mGET /list [32m200 [0m5.512 ms - 109[0m
[0mGET /list [32m200 [0m3.704 ms - 109[0m
[0mPOST /test [32m200 [0m107.014 ms - 29[0m
[0mGET / [33m404 [0m227.705 ms - 1045[0m
[0mGET /stylesheets/style.css [32m200 [0m15.644 ms - 119[0m
[0mGET /testlist [33m404 [0m194.920 ms - 1045[0m
[0mGET /stylesheets/style.css [36m304 [0m4.644 ms - -[0m
[0mGET /testlist [33m404 [0m179.534 ms - 1045[0m
[0mGET /stylesheets/style.css [36m304 [0m1.749 ms - -[0m
[0mGET /test/list [33m404 [0m189.519 ms - 1045[0m
[0mGET /stylesheets/style.css [36m304 [0m3.628 ms - -[0m
[0mGET /test/list [33m404 [0m226.878 ms - 1045[0m
[0mGET /stylesheets/style.css [36m304 [0m2.084 ms - -[0m
[0mGET / [33m404 [0m133.151 ms - 1045[0m
[0mGET /stylesheets/style.css [36m304 [0m1.467 ms - -[0m
[0mGET /test/list [33m404 [0m161.948 ms - 1045[0m
[0mGET /stylesheets/style.css [36m304 [0m1.409 ms - -[0m
[0mGET /stylesheets/style.css [36m304 [0m6.254 ms - -[0m
[0mGET /testlist [33m404 [0m173.635 ms - 1045[0m
[0mGET /list [36m304 [0m6.453 ms - -[0m
[0mGET /list [36m304 [0m2.994 ms - -[0m
[0mGET /list [32m200 [0m6.209 ms - 109[0m
[0mGET /list [32m200 [0m2.494 ms - 109[0m
[0mPOST /test [32m200 [0m7.756 ms - 31[0m
[0mPOST /test [32m200 [0m5.437 ms - 31[0m
[0mPOST /test [32m200 [0m3.229 ms - 30[0m
[0mGET /list [32m200 [0m2.528 ms - 109[0m
[0mPOST /upload [32m200 [0m120.388 ms - 46[0m
[0mPOST /upload [32m200 [0m14.186 ms - 46[0m
[0mPOST /upload [32m200 [0m6.250 ms - 46[0m
[0mPOST /upload [32m200 [0m12.568 ms - 46[0m
[0mPOST /upload [32m200 [0m3.841 ms - 46[0m
[0mPOST /upload [32m200 [0m3.291 ms - 46[0m
[0mPOST /upload [32m200 [0m2.903 ms - 46[0m
[0mPOST /upload [32m200 [0m2.895 ms - 46[0m
[0mPOST /upload [32m200 [0m2.943 ms - 46[0m
[0mPOST /upload [32m200 [0m122.026 ms - 52[0m
[0mGET /list [32m200 [0m32.107 ms - 2[0m
[0mGET /bwelk_75.png [33m404 [0m1427.769 ms - 1045[0m
[0mGET /stylesheets/style.css [36m304 [0m7.160 ms - -[0m
[0mGET /server.py [32m200 [0m19.077 ms - 373[0m
[0mPOST /upload [32m200 [0m32.243 ms - 52[0m
[0mPOST /upload [32m200 [0m557.075 ms - 52[0m
[0mGET /Screenshot_20170811-180127.png [32m200 [0m12.899 ms - 132125[0m
[0mGET /Screenshot_20170811-180127.png [32m200 [0m8.005 ms - 132125[0m
[0mGET /favicon.ico [33m404 [0m197.996 ms - 1045[0m
[0mPOST /upload [32m200 [0m7232.483 ms - 52[0m
[0mGET / [33m404 [0m221.182 ms - 1045[0m
[0mGET /list [32m200 [0m4.683 ms - 2[0m
[0mGET /list [32m200 [0m3.793 ms - 2[0m
[0mGET / [33m404 [0m160.473 ms - 1045[0m
[0mGET /test [32m200 [0m3.139 ms - 2[0m
[0mGET /test/list [33m404 [0m215.584 ms - 1045[0m
[0mGET / [33m404 [0m101.526 ms - 1045[0m
[0mGET /stylesheets/style.css [36m304 [0m4.341 ms - -[0m
[0mGET / [33m404 [0m231.728 ms - 1045[0m
[0mGET / [33m404 [0m165.545 ms - 1045[0m
[0mGET /stylesheets/style.css [36m304 [0m165.920 ms - -[0m
[0mGET / [33m404 [0m172.139 ms - 1045[0m
[0mGET /list [32m200 [0m8.036 ms - 4[0m
[0mGET /favicon.ico [33m404 [0m188.144 ms - 1045[0m
